<?xml version="1.0" encoding="UTF-8"?>
<robot generator="Robot 6.0.2 (Python 3.11.2 on win32)" generated="20230503 20:43:09.615" rpa="false" schemaversion="3">
<suite id="s1" name="Panelscout Robotframework" source="C:\Users\agata\OneDrive\Dokumenty\GitHub\panelscout_robotframework">
<suite id="s1-s1" name="Login To System" source="C:\Users\agata\OneDrive\Dokumenty\GitHub\panelscout_robotframework\login_to_system.robot">
<test id="s1-s1-t1" name="Add a new player" line="45">
<kw name="Open login page">
<kw name="Open Browser" library="SeleniumLibrary">
<arg>${LOGIN URL}</arg>
<arg>${BROWSER}</arg>
<doc>Opens a new browser instance to the optional ``url``.</doc>
<msg timestamp="20230503 20:43:10.633" level="INFO">Opening browser 'Chrome' to base url 'https://scouts-test.futbolkolektyw.pl/en'.</msg>
<status status="PASS" starttime="20230503 20:43:10.633" endtime="20230503 20:43:22.868"/>
</kw>
<kw name="Title Should Be" library="SeleniumLibrary">
<arg>Scouts panel - sign in</arg>
<doc>Verifies that the current page title equals ``title``.</doc>
<msg timestamp="20230503 20:43:22.882" level="INFO">Page title is 'Scouts panel - sign in'.</msg>
<status status="PASS" starttime="20230503 20:43:22.869" endtime="20230503 20:43:22.883"/>
</kw>
<status status="PASS" starttime="20230503 20:43:10.633" endtime="20230503 20:43:22.883"/>
</kw>
<kw name="Type in email">
<kw name="Input Text" library="SeleniumLibrary">
<arg>${EMAILINPUT}</arg>
<arg>user07@getnada.com</arg>
<doc>Types the given ``text`` into the text field identified by ``locator``.</doc>
<msg timestamp="20230503 20:43:22.887" level="INFO">Typing text 'user07@getnada.com' into text field 'xpath = //*[@id='login']'.</msg>
<status status="PASS" starttime="20230503 20:43:22.885" endtime="20230503 20:43:23.549"/>
</kw>
<status status="PASS" starttime="20230503 20:43:22.884" endtime="20230503 20:43:23.549"/>
</kw>
<kw name="Type in password">
<kw name="Input Text" library="SeleniumLibrary">
<arg>${PASSWORDINPUT}</arg>
<arg>Test-1234</arg>
<doc>Types the given ``text`` into the text field identified by ``locator``.</doc>
<msg timestamp="20230503 20:43:23.553" level="INFO">Typing text 'Test-1234' into text field 'xpath = //*[@id='password']'.</msg>
<status status="PASS" starttime="20230503 20:43:23.551" endtime="20230503 20:43:24.009"/>
</kw>
<status status="PASS" starttime="20230503 20:43:23.550" endtime="20230503 20:43:24.009"/>
</kw>
<kw name="Click on the Sign in button">
<kw name="Click Element" library="SeleniumLibrary">
<arg>${SIGNINBUTTON}</arg>
<doc>Click the element identified by ``locator``.</doc>
<msg timestamp="20230503 20:43:24.009" level="INFO">Clicking element 'xpath = //*[@id="__next"]/form/div/div[2]/button'.</msg>
<status status="PASS" starttime="20230503 20:43:24.009" endtime="20230503 20:43:24.211"/>
</kw>
<status status="PASS" starttime="20230503 20:43:24.009" endtime="20230503 20:43:24.212"/>
</kw>
<kw name="Click on the Add player button">
<kw name="Wait Until Element Is Visible" library="SeleniumLibrary">
<arg>${ADDNEWPLAYERBUTTON}</arg>
<doc>Waits until the element ``locator`` is visible.</doc>
<status status="PASS" starttime="20230503 20:43:24.215" endtime="20230503 20:43:27.700"/>
</kw>
<kw name="Click Element" library="SeleniumLibrary">
<arg>${ADDNEWPLAYERBUTTON}</arg>
<doc>Click the element identified by ``locator``.</doc>
<msg timestamp="20230503 20:43:27.700" level="INFO">Clicking element 'xpath = //div[2]/div/div/a/button'.</msg>
<status status="PASS" starttime="20230503 20:43:27.700" endtime="20230503 20:43:27.851"/>
</kw>
<status status="PASS" starttime="20230503 20:43:24.214" endtime="20230503 20:43:27.852"/>
</kw>
<kw name="Type in name">
<kw name="Wait Until Element Is Visible" library="SeleniumLibrary">
<arg>${NAMEINPUT}</arg>
<doc>Waits until the element ``locator`` is visible.</doc>
<status status="PASS" starttime="20230503 20:43:27.861" endtime="20230503 20:43:28.367"/>
</kw>
<kw name="Input Text" library="SeleniumLibrary">
<arg>${NAMEINPUT}</arg>
<arg>Adam</arg>
<doc>Types the given ``text`` into the text field identified by ``locator``.</doc>
<msg timestamp="20230503 20:43:28.369" level="INFO">Typing text 'Adam' into text field 'xpath = //*[@name="name"]'.</msg>
<status status="PASS" starttime="20230503 20:43:28.367" endtime="20230503 20:43:28.765"/>
</kw>
<status status="PASS" starttime="20230503 20:43:27.860" endtime="20230503 20:43:28.765"/>
</kw>
<kw name="Type in surname">
<kw name="Input Text" library="SeleniumLibrary">
<arg>${SURNAMEINPUT}</arg>
<arg>Nawałka</arg>
<doc>Types the given ``text`` into the text field identified by ``locator``.</doc>
<msg timestamp="20230503 20:43:28.777" level="INFO">Typing text 'Nawałka' into text field 'xpath = //*[@name="surname"]'.</msg>
<status status="PASS" starttime="20230503 20:43:28.774" endtime="20230503 20:43:29.224"/>
</kw>
<status status="PASS" starttime="20230503 20:43:28.773" endtime="20230503 20:43:29.225"/>
</kw>
<kw name="Type in age">
<kw name="Input Text" library="SeleniumLibrary">
<arg>${AGEINPUT}</arg>
<arg>12121988</arg>
<doc>Types the given ``text`` into the text field identified by ``locator``.</doc>
<msg timestamp="20230503 20:43:29.229" level="INFO">Typing text '12121988' into text field 'xpath = //*[@name="age"]'.</msg>
<status status="PASS" starttime="20230503 20:43:29.227" endtime="20230503 20:43:29.577"/>
</kw>
<status status="PASS" starttime="20230503 20:43:29.226" endtime="20230503 20:43:29.577"/>
</kw>
<kw name="Type in main position">
<kw name="Input Text" library="SeleniumLibrary">
<arg>${MAINPOSITIONINPUT}</arg>
<arg>strzelec</arg>
<doc>Types the given ``text`` into the text field identified by ``locator``.</doc>
<msg timestamp="20230503 20:43:29.577" level="INFO">Typing text 'strzelec' into text field 'xpath = //*[@name="mainPosition"]'.</msg>
<status status="PASS" starttime="20230503 20:43:29.577" endtime="20230503 20:43:30.012"/>
</kw>
<status status="PASS" starttime="20230503 20:43:29.577" endtime="20230503 20:43:30.012"/>
</kw>
<kw name="Click on the Submit button">
<kw name="Click Element" library="SeleniumLibrary">
<arg>${SUBMITBUTTON}</arg>
<doc>Click the element identified by ``locator``.</doc>
<msg timestamp="20230503 20:43:30.025" level="INFO">Clicking element 'xpath = //*[@type="submit"]'.</msg>
<status status="PASS" starttime="20230503 20:43:30.024" endtime="20230503 20:43:30.261"/>
</kw>
<status status="PASS" starttime="20230503 20:43:30.022" endtime="20230503 20:43:30.261"/>
</kw>
<kw name="Assert Edit page">
<kw name="Wait Until Element Contains" library="SeleniumLibrary">
<arg>${PLAYERINSIDEPANEL}</arg>
<arg>Adam</arg>
<doc>Waits until the element ``locator`` contains ``text``.</doc>
<status status="PASS" starttime="20230503 20:43:30.261" endtime="20230503 20:43:31.699"/>
</kw>
<kw name="Get text">
<var>${NAMEANDSURNAME}</var>
<kw name="Get text">
<arg>${NAMEINPUT}</arg>
<msg timestamp="20230503 20:43:31.699" level="FAIL">Keyword 'Get text' expected 0 arguments, got 1.</msg>
<status status="FAIL" starttime="20230503 20:43:31.699" endtime="20230503 20:43:31.699"/>
</kw>
<status status="FAIL" starttime="20230503 20:43:31.699" endtime="20230503 20:43:31.699"/>
</kw>
<kw name="Should Match" library="BuiltIn">
<arg>${PLAYERINSIDEPANEL}</arg>
<arg>${NAMEANDSURNAME}</arg>
<doc>Fails if the given ``string`` does not match the given ``pattern``.</doc>
<status status="NOT RUN" starttime="20230503 20:43:31.699" endtime="20230503 20:43:31.699"/>
</kw>
<kw name="Capture Page Screenshot" library="SeleniumLibrary">
<arg>adding.png</arg>
<doc>Takes a screenshot of the current page and embeds it into a log file.</doc>
<status status="NOT RUN" starttime="20230503 20:43:31.699" endtime="20230503 20:43:31.699"/>
</kw>
<status status="FAIL" starttime="20230503 20:43:30.261" endtime="20230503 20:43:31.699"/>
</kw>
<status status="FAIL" starttime="20230503 20:43:10.633" endtime="20230503 20:43:31.708">Keyword 'Get text' expected 0 arguments, got 1.</status>
</test>
<doc>Suite description #automated tests for scout website</doc>
<status status="FAIL" starttime="20230503 20:43:09.732" endtime="20230503 20:43:31.708"/>
</suite>
<status status="FAIL" starttime="20230503 20:43:09.615" endtime="20230503 20:43:31.728"/>
</suite>
<statistics>
<total>
<stat pass="0" fail="1" skip="0">All Tests</stat>
</total>
<tag>
</tag>
<suite>
<stat pass="0" fail="1" skip="0" id="s1" name="Panelscout Robotframework">Panelscout Robotframework</stat>
<stat pass="0" fail="1" skip="0" id="s1-s1" name="Login To System">Panelscout Robotframework.Login To System</stat>
</suite>
</statistics>
<errors>
</errors>
</robot>
