<?xml version="1.0" encoding="UTF-8"?>
<robot generator="Robot 6.0.2 (Python 3.11.2 on win32)" generated="20230507 20:43:16.617" rpa="false" schemaversion="3">
<suite id="s1" name="Panelscout Robotframework" source="C:\Users\agata\OneDrive\Dokumenty\GitHub\panelscout_robotframework">
<suite id="s1-s1" name="Login To System" source="C:\Users\agata\OneDrive\Dokumenty\GitHub\panelscout_robotframework\login_to_system.robot">
<test id="s1-s1-t1" name="Add a new player" line="46">
<kw name="Open login page">
<kw name="Open Browser" library="SeleniumLibrary">
<arg>${LOGIN URL}</arg>
<arg>${BROWSER}</arg>
<doc>Opens a new browser instance to the optional ``url``.</doc>
<msg timestamp="20230507 20:43:17.791" level="INFO">Opening browser 'Chrome' to base url 'https://scouts.futbolkolektyw.pl/en/'.</msg>
<status status="PASS" starttime="20230507 20:43:17.791" endtime="20230507 20:43:25.159"/>
</kw>
<kw name="Title Should Be" library="SeleniumLibrary">
<arg>Scouts panel - sign in</arg>
<doc>Verifies that the current page title equals ``title``.</doc>
<msg timestamp="20230507 20:43:25.177" level="INFO">Page title is 'Scouts panel - sign in'.</msg>
<status status="PASS" starttime="20230507 20:43:25.159" endtime="20230507 20:43:25.177"/>
</kw>
<status status="PASS" starttime="20230507 20:43:17.791" endtime="20230507 20:43:25.177"/>
</kw>
<kw name="Type in email">
<kw name="Input Text" library="SeleniumLibrary">
<arg>${EMAILINPUT}</arg>
<arg>user07@getnada.com</arg>
<doc>Types the given ``text`` into the text field identified by ``locator``.</doc>
<msg timestamp="20230507 20:43:25.181" level="INFO">Typing text 'user07@getnada.com' into text field 'xpath = //*[@id='login']'.</msg>
<status status="PASS" starttime="20230507 20:43:25.177" endtime="20230507 20:43:25.803"/>
</kw>
<status status="PASS" starttime="20230507 20:43:25.177" endtime="20230507 20:43:25.803"/>
</kw>
<kw name="Type in password">
<kw name="Input Text" library="SeleniumLibrary">
<arg>${PASSWORDINPUT}</arg>
<arg>Test-1234</arg>
<doc>Types the given ``text`` into the text field identified by ``locator``.</doc>
<msg timestamp="20230507 20:43:25.810" level="INFO">Typing text 'Test-1234' into text field 'xpath = //*[@id='password']'.</msg>
<status status="PASS" starttime="20230507 20:43:25.810" endtime="20230507 20:43:26.196"/>
</kw>
<status status="PASS" starttime="20230507 20:43:25.803" endtime="20230507 20:43:26.201"/>
</kw>
<kw name="Click on the Sign in button">
<kw name="Click Element" library="SeleniumLibrary">
<arg>${SIGNINBUTTON}</arg>
<doc>Click the element identified by ``locator``.</doc>
<msg timestamp="20230507 20:43:26.201" level="INFO">Clicking element 'xpath = //*[@id="__next"]/form/div/div[2]/button'.</msg>
<status status="PASS" starttime="20230507 20:43:26.201" endtime="20230507 20:43:26.444"/>
</kw>
<status status="PASS" starttime="20230507 20:43:26.201" endtime="20230507 20:43:26.444"/>
</kw>
<kw name="Click on the Add player button">
<kw name="Wait Until Element Is Visible" library="SeleniumLibrary">
<arg>${ADDNEWPLAYERBUTTON}</arg>
<doc>Waits until the element ``locator`` is visible.</doc>
<status status="PASS" starttime="20230507 20:43:26.451" endtime="20230507 20:43:29.581"/>
</kw>
<kw name="Click Element" library="SeleniumLibrary">
<arg>${ADDNEWPLAYERBUTTON}</arg>
<doc>Click the element identified by ``locator``.</doc>
<msg timestamp="20230507 20:43:29.581" level="INFO">Clicking element 'xpath = //div[2]/div/div/a/button'.</msg>
<status status="PASS" starttime="20230507 20:43:29.581" endtime="20230507 20:43:29.766"/>
</kw>
<status status="PASS" starttime="20230507 20:43:26.444" endtime="20230507 20:43:29.771"/>
</kw>
<kw name="Type in name">
<kw name="Wait Until Element Is Visible" library="SeleniumLibrary">
<arg>${NAMEINPUT}</arg>
<doc>Waits until the element ``locator`` is visible.</doc>
<status status="PASS" starttime="20230507 20:43:29.771" endtime="20230507 20:43:30.655"/>
</kw>
<kw name="Input Text" library="SeleniumLibrary">
<arg>${NAMEINPUT}</arg>
<arg>Adam</arg>
<doc>Types the given ``text`` into the text field identified by ``locator``.</doc>
<msg timestamp="20230507 20:43:30.655" level="INFO">Typing text 'Adam' into text field 'xpath = //*[@name="name"]'.</msg>
<status status="PASS" starttime="20230507 20:43:30.655" endtime="20230507 20:43:31.476"/>
</kw>
<status status="PASS" starttime="20230507 20:43:29.771" endtime="20230507 20:43:31.481"/>
</kw>
<kw name="Type in surname">
<kw name="Input Text" library="SeleniumLibrary">
<arg>${SURNAMEINPUT}</arg>
<arg>Nawałka</arg>
<doc>Types the given ``text`` into the text field identified by ``locator``.</doc>
<msg timestamp="20230507 20:43:31.481" level="INFO">Typing text 'Nawałka' into text field 'xpath = //*[@name="surname"]'.</msg>
<status status="PASS" starttime="20230507 20:43:31.481" endtime="20230507 20:43:31.909"/>
</kw>
<status status="PASS" starttime="20230507 20:43:31.481" endtime="20230507 20:43:31.909"/>
</kw>
<kw name="Type in age">
<kw name="Input Text" library="SeleniumLibrary">
<arg>${AGEINPUT}</arg>
<arg>12121988</arg>
<doc>Types the given ``text`` into the text field identified by ``locator``.</doc>
<msg timestamp="20230507 20:43:31.916" level="INFO">Typing text '12121988' into text field 'xpath = //*[@name="age"]'.</msg>
<status status="PASS" starttime="20230507 20:43:31.916" endtime="20230507 20:43:32.609"/>
</kw>
<status status="PASS" starttime="20230507 20:43:31.909" endtime="20230507 20:43:32.609"/>
</kw>
<kw name="Type in main position">
<kw name="Input Text" library="SeleniumLibrary">
<arg>${MAINPOSITIONINPUT}</arg>
<arg>strzelec</arg>
<doc>Types the given ``text`` into the text field identified by ``locator``.</doc>
<msg timestamp="20230507 20:43:32.617" level="INFO">Typing text 'strzelec' into text field 'xpath = //*[@name="mainPosition"]'.</msg>
<status status="PASS" starttime="20230507 20:43:32.609" endtime="20230507 20:43:33.036"/>
</kw>
<status status="PASS" starttime="20230507 20:43:32.609" endtime="20230507 20:43:33.036"/>
</kw>
<kw name="Click on the Submit button">
<kw name="Click Element" library="SeleniumLibrary">
<arg>${SUBMITBUTTON}</arg>
<doc>Click the element identified by ``locator``.</doc>
<msg timestamp="20230507 20:43:33.049" level="INFO">Clicking element 'xpath = //*[@type="submit"]'.</msg>
<status status="PASS" starttime="20230507 20:43:33.049" endtime="20230507 20:43:33.394"/>
</kw>
<status status="PASS" starttime="20230507 20:43:33.049" endtime="20230507 20:43:33.394"/>
</kw>
<kw name="Assert Edit page">
<kw name="Wait Until Element Is Visible" library="SeleniumLibrary">
<arg>${PLAYERINSIDEPANEL}</arg>
<arg>Adam Nawałka</arg>
<doc>Waits until the element ``locator`` is visible.</doc>
<msg timestamp="20230507 20:43:33.402" level="FAIL">ValueError: Argument 'timeout' got value 'Adam Nawałka' that cannot be converted to timedelta or None.</msg>
<status status="FAIL" starttime="20230507 20:43:33.394" endtime="20230507 20:43:33.402"/>
</kw>
<kw name="Element Text Should Be" library="SeleniumLibrary">
<arg>${PLAYERINSIDEPANEL}</arg>
<arg>Adam Nawałka</arg>
<doc>Verifies that element ``locator`` contains exact the text ``expected``.</doc>
<status status="NOT RUN" starttime="20230507 20:43:33.402" endtime="20230507 20:43:33.402"/>
</kw>
<kw name="Capture Page Screenshot" library="SeleniumLibrary">
<arg>adding.png</arg>
<doc>Takes a screenshot of the current page and embeds it into a log file.</doc>
<status status="NOT RUN" starttime="20230507 20:43:33.402" endtime="20230507 20:43:33.405"/>
</kw>
<status status="FAIL" starttime="20230507 20:43:33.394" endtime="20230507 20:43:33.405"/>
</kw>
<status status="FAIL" starttime="20230507 20:43:17.791" endtime="20230507 20:43:33.405">ValueError: Argument 'timeout' got value 'Adam Nawałka' that cannot be converted to timedelta or None.</status>
</test>
<doc>Suite description #automated tests for scout website</doc>
<status status="FAIL" starttime="20230507 20:43:16.712" endtime="20230507 20:43:33.420"/>
</suite>
<status status="FAIL" starttime="20230507 20:43:16.627" endtime="20230507 20:43:33.427"/>
</suite>
<statistics>
<total>
<stat pass="0" fail="1" skip="0">All Tests</stat>
</total>
<tag>
</tag>
<suite>
<stat pass="0" fail="1" skip="0" id="s1" name="Panelscout Robotframework">Panelscout Robotframework</stat>
<stat pass="0" fail="1" skip="0" id="s1-s1" name="Login To System">Panelscout Robotframework.Login To System</stat>
</suite>
</statistics>
<errors>
</errors>
</robot>
